# JRE version: OpenJDK Runtime Environment (8.0_152-b01) (build 1.8.0_152-release-1248-b01)
# Java VM: OpenJDK 64-Bit Server VM (25.152-b01 mixed mode windows-amd64 compressed oops)
Heap:
 PSYoungGen      total 40960K, used 14946K [0x00000000e0000000, 0x00000000e4100000, 0x0000000100000000)
  eden space 24576K, 2% used [0x00000000e0000000,0x00000000e007b018,0x00000000e1800000)
  from space 16384K, 88% used [0x00000000e1800000,0x00000000e261db48,0x00000000e2800000)
  to   space 14848K, 0% used [0x00000000e2800000,0x00000000e2800000,0x00000000e3680000)
 ParOldGen       total 52736K, used 16003K [0x00000000a0000000, 0x00000000a3380000, 0x00000000e0000000)
  object space 52736K, 30% used [0x00000000a0000000,0x00000000a0fa0fe0,0x00000000a3380000)
 Metaspace       used 56659K, capacity 57910K, committed 58280K, reserved 1099776K
  class space    used 7616K, capacity 7988K, committed 8104K, reserved 1048576K
GC Heap History (10 events):
Event: 56.496 GC heap before
{Heap before GC invocations=17 (full 2):
 PSYoungGen      total 39936K, used 37960K [0x00000000e0000000, 0x00000000e3380000, 0x0000000100000000)
  eden space 28160K, 100% used [0x00000000e0000000,0x00000000e1b80000,0x00000000e1b80000)
  from space 11776K, 83% used [0x00000000e2780000,0x00000000e3112148,0x00000000e3300000)
  to   space 12288K, 0% used [0x00000000e1b80000,0x00000000e1b80000,0x00000000e2780000)
 ParOldGen       total 52736K, used 15899K [0x00000000a0000000, 0x00000000a3380000, 0x00000000e0000000)
  object space 52736K, 30% used [0x00000000a0000000,0x00000000a0f86fd0,0x00000000a3380000)
 Metaspace       used 46762K, capacity 47698K, committed 47912K, reserved 1091584K
  class space    used 6317K, capacity 6632K, committed 6696K, reserved 1048576K
Event: 56.502 GC heap after
Heap after GC invocations=17 (full 2):
 PSYoungGen      total 39936K, used 10203K [0x00000000e0000000, 0x00000000e3500000, 0x0000000100000000)
  eden space 27648K, 0% used [0x00000000e0000000,0x00000000e0000000,0x00000000e1b00000)
  from space 12288K, 83% used [0x00000000e1b80000,0x00000000e2576f08,0x00000000e2780000)
  to   space 13312K, 0% used [0x00000000e2800000,0x00000000e2800000,0x00000000e3500000)
 ParOldGen       total 52736K, used 15907K [0x00000000a0000000, 0x00000000a3380000, 0x00000000e0000000)
  object space 52736K, 30% used [0x00000000a0000000,0x00000000a0f88fd0,0x00000000a3380000)
 Metaspace       used 46762K, capacity 47698K, committed 47912K, reserved 1091584K
  class space    used 6317K, capacity 6632K, committed 6696K, reserved 1048576K
}
Event: 57.911 GC heap before
{Heap before GC invocations=18 (full 2):
 PSYoungGen      total 39936K, used 37851K [0x00000000e0000000, 0x00000000e3500000, 0x0000000100000000)
  eden space 27648K, 100% used [0x00000000e0000000,0x00000000e1b00000,0x00000000e1b00000)
  from space 12288K, 83% used [0x00000000e1b80000,0x00000000e2576f08,0x00000000e2780000)
  to   space 13312K, 0% used [0x00000000e2800000,0x00000000e2800000,0x00000000e3500000)
 ParOldGen       total 52736K, used 15907K [0x00000000a0000000, 0x00000000a3380000, 0x00000000e0000000)
  object space 52736K, 30% used [0x00000000a0000000,0x00000000a0f88fd0,0x00000000a3380000)
 Metaspace       used 50693K, capacity 51618K, committed 52008K, reserved 1093632K
  class space    used 6806K, capacity 7132K, committed 7208K, reserved 1048576K
Event: 57.919 GC heap after
Heap after GC invocations=18 (full 2):
 PSYoungGen      total 39936K, used 11375K [0x00000000e0000000, 0x00000000e3680000, 0x0000000100000000)
  eden space 26624K, 0% used [0x00000000e0000000,0x00000000e0000000,0x00000000e1a00000)
  from space 13312K, 85% used [0x00000000e2800000,0x00000000e331bdd0,0x00000000e3500000)
  to   space 14336K, 0% used [0x00000000e1a00000,0x00000000e1a00000,0x00000000e2800000)
 ParOldGen       total 52736K, used 15915K [0x00000000a0000000, 0x00000000a3380000, 0x00000000e0000000)
  object space 52736K, 30% used [0x00000000a0000000,0x00000000a0f8afd0,0x00000000a3380000)
 Metaspace       used 50693K, capacity 51618K, committed 52008K, reserved 1093632K
  class space    used 6806K, capacity 7132K, committed 7208K, reserved 1048576K
}
Event: 59.461 GC heap before
{Heap before GC invocations=19 (full 2):
 PSYoungGen      total 39936K, used 37999K [0x00000000e0000000, 0x00000000e3680000, 0x0000000100000000)
  eden space 26624K, 100% used [0x00000000e0000000,0x00000000e1a00000,0x00000000e1a00000)
  from space 13312K, 85% used [0x00000000e2800000,0x00000000e331bdd0,0x00000000e3500000)
  to   space 14336K, 0% used [0x00000000e1a00000,0x00000000e1a00000,0x00000000e2800000)
 ParOldGen       total 52736K, used 15915K [0x00000000a0000000, 0x00000000a3380000, 0x00000000e0000000)
  object space 52736K, 30% used [0x00000000a0000000,0x00000000a0f8afd0,0x00000000a3380000)
 Metaspace       used 52382K, capacity 53522K, committed 53672K, reserved 1095680K
  class space    used 6998K, capacity 7316K, committed 7336K, reserved 1048576K
Event: 59.471 GC heap after
Heap after GC invocations=19 (full 2):
 PSYoungGen      total 40448K, used 11802K [0x00000000e0000000, 0x00000000e3680000, 0x0000000100000000)
  eden space 26112K, 0% used [0x00000000e0000000,0x00000000e0000000,0x00000000e1980000)
  from space 14336K, 82% used [0x00000000e1a00000,0x00000000e2586b38,0x00000000e2800000)
  to   space 14848K, 0% used [0x00000000e2800000,0x00000000e2800000,0x00000000e3680000)
 ParOldGen       total 52736K, used 15987K [0x00000000a0000000, 0x00000000a3380000, 0x00000000e0000000)
  object space 52736K, 30% used [0x00000000a0000000,0x00000000a0f9cfe0,0x00000000a3380000)
 Metaspace       used 52382K, capacity 53522K, committed 53672K, reserved 1095680K
  class space    used 6998K, capacity 7316K, committed 7336K, reserved 1048576K
}
Event: 60.030 GC heap before
{Heap before GC invocations=20 (full 2):
 PSYoungGen      total 40448K, used 37914K [0x00000000e0000000, 0x00000000e3680000, 0x0000000100000000)
  eden space 26112K, 100% used [0x00000000e0000000,0x00000000e1980000,0x00000000e1980000)
  from space 14336K, 82% used [0x00000000e1a00000,0x00000000e2586b38,0x00000000e2800000)
  to   space 14848K, 0% used [0x00000000e2800000,0x00000000e2800000,0x00000000e3680000)
 ParOldGen       total 52736K, used 15987K [0x00000000a0000000, 0x00000000a3380000, 0x00000000e0000000)
  object space 52736K, 30% used [0x00000000a0000000,0x00000000a0f9cfe0,0x00000000a3380000)
 Metaspace       used 54680K, capacity 55832K, committed 55848K, reserved 1097728K
  class space    used 7334K, capacity 7713K, committed 7720K, reserved 1048576K
Event: 60.042 GC heap after
Heap after GC invocations=20 (full 2):
 PSYoungGen      total 39424K, used 13654K [0x00000000e0000000, 0x00000000e4100000, 0x0000000100000000)
  eden space 24576K, 0% used [0x00000000e0000000,0x00000000e0000000,0x00000000e1800000)
  from space 14848K, 91% used [0x00000000e2800000,0x00000000e35559e8,0x00000000e3680000)
  to   space 16384K, 0% used [0x00000000e1800000,0x00000000e1800000,0x00000000e2800000)
 ParOldGen       total 52736K, used 15995K [0x00000000a0000000, 0x00000000a3380000, 0x00000000e0000000)
  object space 52736K, 30% used [0x00000000a0000000,0x00000000a0f9efe0,0x00000000a3380000)
 Metaspace       used 54680K, capacity 55832K, committed 55848K, reserved 1097728K
  class space    used 7334K, capacity 7713K, committed 7720K, reserved 1048576K
}
Event: 60.824 GC heap before
{Heap before GC invocations=21 (full 2):
 PSYoungGen      total 39424K, used 38230K [0x00000000e0000000, 0x00000000e4100000, 0x0000000100000000)
  eden space 24576K, 100% used [0x00000000e0000000,0x00000000e1800000,0x00000000e1800000)
  from space 14848K, 91% used [0x00000000e2800000,0x00000000e35559e8,0x00000000e3680000)
  to   space 16384K, 0% used [0x00000000e1800000,0x00000000e1800000,0x00000000e2800000)
 ParOldGen       total 52736K, used 15995K [0x00000000a0000000, 0x00000000a3380000, 0x00000000e0000000)
  object space 52736K, 30% used [0x00000000a0000000,0x00000000a0f9efe0,0x00000000a3380000)
 Metaspace       used 56615K, capacity 57844K, committed 58024K, reserved 1099776K
  class space    used 7609K, capacity 7987K, committed 8104K, reserved 1048576K
Event: 60.846 GC heap after
Heap after GC invocations=21 (full 2):
 PSYoungGen      total 40960K, used 14454K [0x00000000e0000000, 0x00000000e4100000, 0x0000000100000000)
  eden space 24576K, 0% used [0x00000000e0000000,0x00000000e0000000,0x00000000e1800000)
  from space 16384K, 88% used [0x00000000e1800000,0x00000000e261db48,0x00000000e2800000)
  to   space 14848K, 0% used [0x00000000e2800000,0x00000000e2800000,0x00000000e3680000)
 ParOldGen       total 52736K, used 16003K [0x00000000a0000000, 0x00000000a3380000, 0x00000000e0000000)
  object space 52736K, 30% used [0x00000000a0000000,0x00000000a0fa0fe0,0x00000000a3380000)
 Metaspace       used 56615K, capacity 57844K, committed 58024K, reserved 1099776K
  class space    used 7609K, capacity 7987K, committed 8104K, reserved 1048576K
}

